<?xml version="1.0" encoding="UTF-8"?>
<coverage generated="1691511013991" clover="3.2.0">
  <project timestamp="1691511013992" name="All files">
    <metrics statements="67" coveredstatements="22" conditionals="7" coveredconditionals="1" methods="27" coveredmethods="2" elements="101" coveredelements="25" complexity="0" loc="67" ncloc="67" packages="7" files="15" classes="15"/>
    <package name="src">
      <metrics statements="0" coveredstatements="0" conditionals="0" coveredconditionals="0" methods="1" coveredmethods="0"/>
      <file name="App.tsx" path="C:\Users\aleco\OneDrive\Documentos\GitHub\DEV006-burger-queen-api-client\src\App.tsx">
        <metrics statements="0" coveredstatements="0" conditionals="0" coveredconditionals="0" methods="1" coveredmethods="0"/>
      </file>
    </package>
    <package name="src.api">
      <metrics statements="3" coveredstatements="1" conditionals="0" coveredconditionals="0" methods="2" coveredmethods="0"/>
      <file name="getData.ts" path="C:\Users\aleco\OneDrive\Documentos\GitHub\DEV006-burger-queen-api-client\src\api\getData.ts">
        <metrics statements="3" coveredstatements="1" conditionals="0" coveredconditionals="0" methods="2" coveredmethods="0"/>
        <line num="32" count="0" type="stmt"/>
        <line num="39" count="0" type="stmt"/>
        <line num="42" count="1" type="stmt"/>
      </file>
    </package>
    <package name="src.components-login">
      <metrics statements="15" coveredstatements="9" conditionals="3" coveredconditionals="1" methods="4" coveredmethods="1"/>
      <file name="FormLogin.tsx" path="C:\Users\aleco\OneDrive\Documentos\GitHub\DEV006-burger-queen-api-client\src\components-login\FormLogin.tsx">
        <metrics statements="15" coveredstatements="9" conditionals="3" coveredconditionals="1" methods="4" coveredmethods="1"/>
        <line num="1" count="1" type="stmt"/>
        <line num="3" count="1" type="stmt"/>
        <line num="21" count="1" type="stmt"/>
        <line num="22" count="3" type="stmt"/>
        <line num="28" count="3" type="stmt"/>
        <line num="30" count="3" type="stmt"/>
        <line num="31" count="0" type="stmt"/>
        <line num="32" count="0" type="stmt"/>
        <line num="35" count="0" type="cond" truecount="0" falsecount="1"/>
        <line num="36" count="0" type="stmt"/>
        <line num="40" count="3" type="stmt"/>
        <line num="41" count="0" type="stmt"/>
        <line num="44" count="3" type="stmt"/>
        <line num="45" count="0" type="stmt"/>
        <line num="130" count="3" type="stmt"/>
      </file>
    </package>
    <package name="src.components-waitress">
      <metrics statements="13" coveredstatements="0" conditionals="2" coveredconditionals="0" methods="4" coveredmethods="0"/>
      <file name="Command.tsx" path="C:\Users\aleco\OneDrive\Documentos\GitHub\DEV006-burger-queen-api-client\src\components-waitress\Command.tsx">
        <metrics statements="1" coveredstatements="0" conditionals="0" coveredconditionals="0" methods="1" coveredmethods="0"/>
        <line num="6" count="0" type="stmt"/>
      </file>
      <file name="WelcomeMessage.tsx" path="C:\Users\aleco\OneDrive\Documentos\GitHub\DEV006-burger-queen-api-client\src\components-waitress\WelcomeMessage.tsx">
        <metrics statements="12" coveredstatements="0" conditionals="2" coveredconditionals="0" methods="3" coveredmethods="0"/>
        <line num="3" count="0" type="stmt"/>
        <line num="4" count="0" type="stmt"/>
        <line num="5" count="0" type="stmt"/>
        <line num="7" count="0" type="stmt"/>
        <line num="9" count="0" type="stmt"/>
        <line num="11" count="0" type="cond" truecount="0" falsecount="1"/>
        <line num="13" count="0" type="stmt"/>
        <line num="14" count="0" type="stmt"/>
        <line num="15" count="0" type="stmt"/>
        <line num="16" count="0" type="stmt"/>
        <line num="17" count="0" type="stmt"/>
        <line num="18" count="0" type="stmt"/>
      </file>
    </package>
    <package name="src.components-waitress.components-menu">
      <metrics statements="8" coveredstatements="0" conditionals="0" coveredconditionals="0" methods="4" coveredmethods="0"/>
      <file name="Client.tsx" path="C:\Users\aleco\OneDrive\Documentos\GitHub\DEV006-burger-queen-api-client\src\components-waitress\components-menu\Client.tsx">
        <metrics statements="6" coveredstatements="0" conditionals="0" coveredconditionals="0" methods="2" coveredmethods="0"/>
        <line num="6" count="0" type="stmt"/>
        <line num="7" count="0" type="stmt"/>
        <line num="9" count="0" type="stmt"/>
        <line num="10" count="0" type="stmt"/>
        <line num="11" count="0" type="stmt"/>
        <line num="12" count="0" type="stmt"/>
      </file>
      <file name="Menu.tsx" path="C:\Users\aleco\OneDrive\Documentos\GitHub\DEV006-burger-queen-api-client\src\components-waitress\components-menu\Menu.tsx">
        <metrics statements="1" coveredstatements="0" conditionals="0" coveredconditionals="0" methods="1" coveredmethods="0"/>
        <line num="3" count="0" type="stmt"/>
      </file>
      <file name="Navbar.tsx" path="C:\Users\aleco\OneDrive\Documentos\GitHub\DEV006-burger-queen-api-client\src\components-waitress\components-menu\Navbar.tsx">
        <metrics statements="1" coveredstatements="0" conditionals="0" coveredconditionals="0" methods="1" coveredmethods="0"/>
        <line num="8" count="0" type="stmt"/>
      </file>
    </package>
    <package name="src.pages">
      <metrics statements="25" coveredstatements="12" conditionals="2" coveredconditionals="0" methods="9" coveredmethods="1"/>
      <file name="Client.tsx" path="C:\Users\aleco\OneDrive\Documentos\GitHub\DEV006-burger-queen-api-client\src\pages\Client.tsx">
        <metrics statements="1" coveredstatements="0" conditionals="0" coveredconditionals="0" methods="1" coveredmethods="0"/>
        <line num="8" count="0" type="stmt"/>
      </file>
      <file name="Login.tsx" path="C:\Users\aleco\OneDrive\Documentos\GitHub\DEV006-burger-queen-api-client\src\pages\Login.tsx">
        <metrics statements="19" coveredstatements="12" conditionals="2" coveredconditionals="0" methods="5" coveredmethods="1"/>
        <line num="1" count="1" type="stmt"/>
        <line num="2" count="1" type="stmt"/>
        <line num="3" count="1" type="stmt"/>
        <line num="4" count="1" type="stmt"/>
        <line num="18" count="1" type="stmt"/>
        <line num="19" count="3" type="stmt"/>
        <line num="20" count="2" type="stmt"/>
        <line num="22" count="2" type="stmt"/>
        <line num="23" count="0" type="stmt"/>
        <line num="26" count="2" type="stmt"/>
        <line num="27" count="0" type="cond" truecount="0" falsecount="2"/>
        <line num="28" count="0" type="stmt"/>
        <line num="29" count="0" type="stmt"/>
        <line num="31" count="0" type="stmt"/>
        <line num="35" count="2" type="stmt"/>
        <line num="36" count="0" type="stmt"/>
        <line num="39" count="2" type="stmt"/>
        <line num="40" count="0" type="stmt"/>
        <line num="52" count="3" type="stmt"/>
      </file>
      <file name="Menu.tsx" path="C:\Users\aleco\OneDrive\Documentos\GitHub\DEV006-burger-queen-api-client\src\pages\Menu.tsx">
        <metrics statements="4" coveredstatements="0" conditionals="0" coveredconditionals="0" methods="2" coveredmethods="0"/>
        <line num="10" count="0" type="stmt"/>
        <line num="11" count="0" type="stmt"/>
        <line num="13" count="0" type="stmt"/>
        <line num="14" count="0" type="stmt"/>
      </file>
      <file name="NotFound.tsx" path="C:\Users\aleco\OneDrive\Documentos\GitHub\DEV006-burger-queen-api-client\src\pages\NotFound.tsx">
        <metrics statements="1" coveredstatements="0" conditionals="0" coveredconditionals="0" methods="1" coveredmethods="0"/>
        <line num="3" count="0" type="stmt"/>
      </file>
    </package>
    <package name="src.skeleton-components">
      <metrics statements="3" coveredstatements="0" conditionals="0" coveredconditionals="0" methods="3" coveredmethods="0"/>
      <file name="Leftside.tsx" path="C:\Users\aleco\OneDrive\Documentos\GitHub\DEV006-burger-queen-api-client\src\skeleton-components\Leftside.tsx">
        <metrics statements="1" coveredstatements="0" conditionals="0" coveredconditionals="0" methods="1" coveredmethods="0"/>
        <line num="6" count="0" type="stmt"/>
      </file>
      <file name="Middleside.tsx" path="C:\Users\aleco\OneDrive\Documentos\GitHub\DEV006-burger-queen-api-client\src\skeleton-components\Middleside.tsx">
        <metrics statements="1" coveredstatements="0" conditionals="0" coveredconditionals="0" methods="1" coveredmethods="0"/>
        <line num="7" count="0" type="stmt"/>
      </file>
      <file name="Rightside.tsx" path="C:\Users\aleco\OneDrive\Documentos\GitHub\DEV006-burger-queen-api-client\src\skeleton-components\Rightside.tsx">
        <metrics statements="1" coveredstatements="0" conditionals="0" coveredconditionals="0" methods="1" coveredmethods="0"/>
        <line num="5" count="0" type="stmt"/>
      </file>
    </package>
  </project>
</coverage>
