{"C:\\Users\\aleco\\OneDrive\\Documentos\\GitHub\\DEV006-burger-queen-api-client\\src\\App.tsx": {"path":"C:\\Users\\aleco\\OneDrive\\Documentos\\GitHub\\DEV006-burger-queen-api-client\\src\\App.tsx","statementMap":{"0":{"start":{"line":12,"column":0},"end":{"line":12,"column":15}},"1":{"start":{"line":1,"column":18},"end":{"line":1,"column":null}},"2":{"start":{"line":2,"column":7},"end":{"line":2,"column":null}},"3":{"start":{"line":12,"column":15},"end":{"line":12,"column":null}}},"fnMap":{"0":{"name":"App","decl":{"start":{"line":4,"column":9},"end":{"line":4,"column":null}},"loc":{"start":{"line":4,"column":9},"end":{"line":10,"column":null}}}},"branchMap":{},"s":{"0":1,"1":1,"2":1,"3":1},"f":{"0":1},"b":{}}
}
