{"C:\\Users\\aleco\\OneDrive\\Documentos\\GitHub\\DEV006-burger-queen-api-client\\src\\App.tsx": {"path":"C:\\Users\\aleco\\OneDrive\\Documentos\\GitHub\\DEV006-burger-queen-api-client\\src\\App.tsx","statementMap":{},"fnMap":{"0":{"name":"App","decl":{"start":{"line":9,"column":9},"end":{"line":9,"column":null}},"loc":{"start":{"line":9,"column":9},"end":{"line":24,"column":null}}}},"branchMap":{},"s":{},"f":{"0":0},"b":{}}
,"C:\\Users\\aleco\\OneDrive\\Documentos\\GitHub\\DEV006-burger-queen-api-client\\src\\api\\getData.ts": {"path":"C:\\Users\\aleco\\OneDrive\\Documentos\\GitHub\\DEV006-burger-queen-api-client\\src\\api\\getData.ts","statementMap":{"0":{"start":{"line":12,"column":16},"end":{"line":12,"column":23}},"1":{"start":{"line":23,"column":16},"end":{"line":23,"column":31}},"2":{"start":{"line":13,"column":2},"end":{"line":20,"column":null}},"3":{"start":{"line":20,"column":24},"end":{"line":20,"column":null}},"4":{"start":{"line":24,"column":2},"end":{"line":31,"column":null}},"5":{"start":{"line":31,"column":24},"end":{"line":31,"column":null}}},"fnMap":{"0":{"name":"getData","decl":{"start":{"line":12,"column":16},"end":{"line":12,"column":23}},"loc":{"start":{"line":12,"column":57},"end":{"line":21,"column":null}}},"1":{"name":"(anonymous_4)","decl":{"start":{"line":20,"column":10},"end":{"line":20,"column":11}},"loc":{"start":{"line":20,"column":24},"end":{"line":20,"column":null}}},"2":{"name":"getDataProducts","decl":{"start":{"line":23,"column":16},"end":{"line":23,"column":31}},"loc":{"start":{"line":23,"column":56},"end":{"line":32,"column":null}}},"3":{"name":"(anonymous_6)","decl":{"start":{"line":31,"column":10},"end":{"line":31,"column":11}},"loc":{"start":{"line":31,"column":24},"end":{"line":31,"column":null}}}},"branchMap":{},"s":{"0":0,"1":0,"2":0,"3":0,"4":0,"5":0},"f":{"0":0,"1":0,"2":0,"3":0},"b":{}}
,"C:\\Users\\aleco\\OneDrive\\Documentos\\GitHub\\DEV006-burger-queen-api-client\\src\\components-login\\FormLogin.tsx": {"path":"C:\\Users\\aleco\\OneDrive\\Documentos\\GitHub\\DEV006-burger-queen-api-client\\src\\components-login\\FormLogin.tsx","statementMap":{"0":{"start":{"line":130,"column":0},"end":{"line":130,"column":15}},"1":{"start":{"line":1,"column":33},"end":{"line":1,"column":null}},"2":{"start":{"line":3,"column":18},"end":{"line":3,"column":null}},"3":{"start":{"line":21,"column":18},"end":{"line":128,"column":null}},"4":{"start":{"line":22,"column":26},"end":{"line":27,"column":null}},"5":{"start":{"line":28,"column":18},"end":{"line":28,"column":null}},"6":{"start":{"line":30,"column":23},"end":{"line":38,"column":null}},"7":{"start":{"line":31,"column":4},"end":{"line":31,"column":null}},"8":{"start":{"line":32,"column":4},"end":{"line":32,"column":null}},"9":{"start":{"line":35,"column":4},"end":{"line":37,"column":null}},"10":{"start":{"line":36,"column":6},"end":{"line":36,"column":null}},"11":{"start":{"line":40,"column":22},"end":{"line":42,"column":null}},"12":{"start":{"line":41,"column":4},"end":{"line":41,"column":null}},"13":{"start":{"line":44,"column":25},"end":{"line":46,"column":null}},"14":{"start":{"line":45,"column":4},"end":{"line":45,"column":null}},"15":{"start":{"line":130,"column":15},"end":{"line":130,"column":null}}},"fnMap":{"0":{"name":"(anonymous_2)","decl":{"start":{"line":21,"column":18},"end":{"line":21,"column":19}},"loc":{"start":{"line":21,"column":59},"end":{"line":128,"column":null}}},"1":{"name":"(anonymous_3)","decl":{"start":{"line":30,"column":23},"end":{"line":30,"column":24}},"loc":{"start":{"line":30,"column":24},"end":{"line":38,"column":null}}},"2":{"name":"(anonymous_4)","decl":{"start":{"line":40,"column":22},"end":{"line":40,"column":23}},"loc":{"start":{"line":40,"column":23},"end":{"line":42,"column":null}}},"3":{"name":"(anonymous_5)","decl":{"start":{"line":44,"column":25},"end":{"line":44,"column":26}},"loc":{"start":{"line":44,"column":26},"end":{"line":46,"column":null}}}},"branchMap":{"0":{"loc":{"start":{"line":35,"column":4},"end":{"line":37,"column":null}},"type":"if","locations":[{"start":{"line":35,"column":4},"end":{"line":37,"column":null}}]},"1":{"loc":{"start":{"line":119,"column":19},"end":{"line":119,"column":null}},"type":"cond-expr","locations":[{"start":{"line":119,"column":26},"end":{"line":119,"column":null}},{"start":{"line":119,"column":79},"end":{"line":119,"column":null}}]}},"s":{"0":2,"1":1,"2":1,"3":1,"4":2,"5":2,"6":2,"7":0,"8":0,"9":0,"10":0,"11":2,"12":0,"13":2,"14":0,"15":1},"f":{"0":2,"1":0,"2":0,"3":0},"b":{"0":[0],"1":[1,1]}}
,"C:\\Users\\aleco\\OneDrive\\Documentos\\GitHub\\DEV006-burger-queen-api-client\\src\\components-waitress\\Command.tsx": {"path":"C:\\Users\\aleco\\OneDrive\\Documentos\\GitHub\\DEV006-burger-queen-api-client\\src\\components-waitress\\Command.tsx","statementMap":{"0":{"start":{"line":6,"column":16},"end":{"line":18,"column":null}}},"fnMap":{"0":{"name":"(anonymous_0)","decl":{"start":{"line":6,"column":16},"end":{"line":6,"column":17}},"loc":{"start":{"line":6,"column":44},"end":{"line":18,"column":null}}}},"branchMap":{},"s":{"0":0},"f":{"0":0},"b":{}}
,"C:\\Users\\aleco\\OneDrive\\Documentos\\GitHub\\DEV006-burger-queen-api-client\\src\\components-waitress\\WelcomeMessage.tsx": {"path":"C:\\Users\\aleco\\OneDrive\\Documentos\\GitHub\\DEV006-burger-queen-api-client\\src\\components-waitress\\WelcomeMessage.tsx","statementMap":{"0":{"start":{"line":3,"column":23},"end":{"line":30,"column":null}},"1":{"start":{"line":4,"column":34},"end":{"line":4,"column":null}},"2":{"start":{"line":5,"column":40},"end":{"line":5,"column":null}},"3":{"start":{"line":7,"column":2},"end":{"line":21,"column":null}},"4":{"start":{"line":9,"column":27},"end":{"line":9,"column":null}},"5":{"start":{"line":11,"column":4},"end":{"line":20,"column":null}},"6":{"start":{"line":13,"column":23},"end":{"line":13,"column":null}},"7":{"start":{"line":14,"column":23},"end":{"line":14,"column":null}},"8":{"start":{"line":15,"column":6},"end":{"line":15,"column":null}},"9":{"start":{"line":16,"column":6},"end":{"line":16,"column":null}},"10":{"start":{"line":17,"column":6},"end":{"line":19,"column":null}},"11":{"start":{"line":18,"column":8},"end":{"line":18,"column":null}}},"fnMap":{"0":{"name":"(anonymous_0)","decl":{"start":{"line":3,"column":23},"end":{"line":3,"column":null}},"loc":{"start":{"line":3,"column":23},"end":{"line":30,"column":null}}},"1":{"name":"(anonymous_1)","decl":{"start":{"line":7,"column":12},"end":{"line":7,"column":null}},"loc":{"start":{"line":7,"column":12},"end":{"line":21,"column":5}}},"2":{"name":"(anonymous_2)","decl":{"start":{"line":17,"column":17},"end":{"line":17,"column":null}},"loc":{"start":{"line":17,"column":17},"end":{"line":19,"column":9}}}},"branchMap":{"0":{"loc":{"start":{"line":11,"column":4},"end":{"line":20,"column":null}},"type":"if","locations":[{"start":{"line":11,"column":4},"end":{"line":20,"column":null}}]},"1":{"loc":{"start":{"line":25,"column":7},"end":{"line":25,"column":null}},"type":"binary-expr","locations":[{"start":{"line":25,"column":7},"end":{"line":25,"column":null}}]}},"s":{"0":0,"1":0,"2":0,"3":0,"4":0,"5":0,"6":0,"7":0,"8":0,"9":0,"10":0,"11":0},"f":{"0":0,"1":0,"2":0},"b":{"0":[0],"1":[0]}}
,"C:\\Users\\aleco\\OneDrive\\Documentos\\GitHub\\DEV006-burger-queen-api-client\\src\\components-waitress\\components-menu\\Client.tsx": {"path":"C:\\Users\\aleco\\OneDrive\\Documentos\\GitHub\\DEV006-burger-queen-api-client\\src\\components-waitress\\components-menu\\Client.tsx","statementMap":{"0":{"start":{"line":6,"column":16},"end":{"line":27,"column":null}},"1":{"start":{"line":7,"column":43},"end":{"line":7,"column":null}},"2":{"start":{"line":9,"column":28},"end":{"line":13,"column":null}},"3":{"start":{"line":10,"column":20},"end":{"line":10,"column":38}},"4":{"start":{"line":11,"column":4},"end":{"line":11,"column":null}},"5":{"start":{"line":12,"column":4},"end":{"line":12,"column":null}}},"fnMap":{"0":{"name":"(anonymous_0)","decl":{"start":{"line":6,"column":16},"end":{"line":6,"column":17}},"loc":{"start":{"line":6,"column":46},"end":{"line":27,"column":null}}},"1":{"name":"(anonymous_1)","decl":{"start":{"line":9,"column":28},"end":{"line":9,"column":29}},"loc":{"start":{"line":9,"column":29},"end":{"line":13,"column":null}}}},"branchMap":{},"s":{"0":0,"1":0,"2":0,"3":0,"4":0,"5":0},"f":{"0":0,"1":0},"b":{}}
,"C:\\Users\\aleco\\OneDrive\\Documentos\\GitHub\\DEV006-burger-queen-api-client\\src\\components-waitress\\components-menu\\MenuRenderer.tsx": {"path":"C:\\Users\\aleco\\OneDrive\\Documentos\\GitHub\\DEV006-burger-queen-api-client\\src\\components-waitress\\components-menu\\MenuRenderer.tsx","statementMap":{"0":{"start":{"line":7,"column":21},"end":{"line":17,"column":null}},"1":{"start":{"line":8,"column":2},"end":{"line":8,"column":null}},"2":{"start":{"line":9,"column":20},"end":{"line":10,"column":null}},"3":{"start":{"line":10,"column":4},"end":{"line":10,"column":null}}},"fnMap":{"0":{"name":"(anonymous_0)","decl":{"start":{"line":7,"column":21},"end":{"line":7,"column":22}},"loc":{"start":{"line":7,"column":53},"end":{"line":17,"column":null}}},"1":{"name":"(anonymous_1)","decl":{"start":{"line":9,"column":33},"end":{"line":9,"column":34}},"loc":{"start":{"line":10,"column":4},"end":{"line":10,"column":null}}}},"branchMap":{},"s":{"0":0,"1":0,"2":0,"3":0},"f":{"0":0,"1":0},"b":{}}
,"C:\\Users\\aleco\\OneDrive\\Documentos\\GitHub\\DEV006-burger-queen-api-client\\src\\components-waitress\\components-menu\\Navbar.tsx": {"path":"C:\\Users\\aleco\\OneDrive\\Documentos\\GitHub\\DEV006-burger-queen-api-client\\src\\components-waitress\\components-menu\\Navbar.tsx","statementMap":{"0":{"start":{"line":8,"column":15},"end":{"line":43,"column":null}}},"fnMap":{"0":{"name":"(anonymous_0)","decl":{"start":{"line":8,"column":15},"end":{"line":8,"column":null}},"loc":{"start":{"line":8,"column":15},"end":{"line":43,"column":null}}}},"branchMap":{},"s":{"0":0},"f":{"0":0},"b":{}}
,"C:\\Users\\aleco\\OneDrive\\Documentos\\GitHub\\DEV006-burger-queen-api-client\\src\\components-waitress\\components-menu\\OptionMenu.tsx": {"path":"C:\\Users\\aleco\\OneDrive\\Documentos\\GitHub\\DEV006-burger-queen-api-client\\src\\components-waitress\\components-menu\\OptionMenu.tsx","statementMap":{"0":{"start":{"line":7,"column":19},"end":{"line":17,"column":null}}},"fnMap":{"0":{"name":"(anonymous_0)","decl":{"start":{"line":7,"column":19},"end":{"line":7,"column":20}},"loc":{"start":{"line":7,"column":71},"end":{"line":17,"column":null}}}},"branchMap":{},"s":{"0":0},"f":{"0":0},"b":{}}
,"C:\\Users\\aleco\\OneDrive\\Documentos\\GitHub\\DEV006-burger-queen-api-client\\src\\context\\auth-context.tsx": {"path":"C:\\Users\\aleco\\OneDrive\\Documentos\\GitHub\\DEV006-burger-queen-api-client\\src\\context\\auth-context.tsx","statementMap":{"0":{"start":{"line":10,"column":13},"end":{"line":10,"column":24}},"1":{"start":{"line":12,"column":13},"end":{"line":12,"column":25}},"2":{"start":{"line":1,"column":29},"end":{"line":1,"column":null}},"3":{"start":{"line":10,"column":27},"end":{"line":10,"column":null}},"4":{"start":{"line":12,"column":26},"end":{"line":22,"column":null}},"5":{"start":{"line":13,"column":43},"end":{"line":15,"column":null}},"6":{"start":{"line":14,"column":6},"end":{"line":14,"column":null}}},"fnMap":{"0":{"name":"(anonymous_3)","decl":{"start":{"line":12,"column":26},"end":{"line":12,"column":27}},"loc":{"start":{"line":12,"column":58},"end":{"line":22,"column":null}}},"1":{"name":"(anonymous_4)","decl":{"start":{"line":13,"column":67},"end":{"line":13,"column":null}},"loc":{"start":{"line":13,"column":67},"end":{"line":15,"column":null}}}},"branchMap":{},"s":{"0":0,"1":2,"2":1,"3":1,"4":1,"5":3,"6":3},"f":{"0":3,"1":3},"b":{}}
,"C:\\Users\\aleco\\OneDrive\\Documentos\\GitHub\\DEV006-burger-queen-api-client\\src\\context\\auth-hooks.ts": {"path":"C:\\Users\\aleco\\OneDrive\\Documentos\\GitHub\\DEV006-burger-queen-api-client\\src\\context\\auth-hooks.ts","statementMap":{"0":{"start":{"line":4,"column":16},"end":{"line":10,"column":null}},"1":{"start":{"line":5,"column":18},"end":{"line":5,"column":null}},"2":{"start":{"line":6,"column":2},"end":{"line":8,"column":null}},"3":{"start":{"line":7,"column":4},"end":{"line":7,"column":null}},"4":{"start":{"line":9,"column":2},"end":{"line":9,"column":null}}},"fnMap":{"0":{"name":"(anonymous_0)","decl":{"start":{"line":4,"column":16},"end":{"line":4,"column":null}},"loc":{"start":{"line":4,"column":16},"end":{"line":10,"column":null}}}},"branchMap":{"0":{"loc":{"start":{"line":6,"column":2},"end":{"line":8,"column":null}},"type":"if","locations":[{"start":{"line":6,"column":2},"end":{"line":8,"column":null}}]}},"s":{"0":0,"1":0,"2":0,"3":0,"4":0},"f":{"0":0},"b":{"0":[0]}}
,"C:\\Users\\aleco\\OneDrive\\Documentos\\GitHub\\DEV006-burger-queen-api-client\\src\\pages\\Client.tsx": {"path":"C:\\Users\\aleco\\OneDrive\\Documentos\\GitHub\\DEV006-burger-queen-api-client\\src\\pages\\Client.tsx","statementMap":{"0":{"start":{"line":7,"column":15},"end":{"line":15,"column":null}}},"fnMap":{"0":{"name":"(anonymous_0)","decl":{"start":{"line":7,"column":15},"end":{"line":7,"column":null}},"loc":{"start":{"line":7,"column":15},"end":{"line":15,"column":null}}}},"branchMap":{},"s":{"0":0},"f":{"0":0},"b":{}}
,"C:\\Users\\aleco\\OneDrive\\Documentos\\GitHub\\DEV006-burger-queen-api-client\\src\\pages\\Login.tsx": {"path":"C:\\Users\\aleco\\OneDrive\\Documentos\\GitHub\\DEV006-burger-queen-api-client\\src\\pages\\Login.tsx","statementMap":{"0":{"start":{"line":58,"column":0},"end":{"line":58,"column":15}},"1":{"start":{"line":1,"column":22},"end":{"line":1,"column":null}},"2":{"start":{"line":2,"column":25},"end":{"line":2,"column":null}},"3":{"start":{"line":3,"column":28},"end":{"line":3,"column":null}},"4":{"start":{"line":4,"column":22},"end":{"line":4,"column":null}},"5":{"start":{"line":6,"column":22},"end":{"line":6,"column":null}},"6":{"start":{"line":19,"column":14},"end":{"line":56,"column":null}},"7":{"start":{"line":20,"column":29},"end":{"line":20,"column":null}},"8":{"start":{"line":21,"column":19},"end":{"line":21,"column":null}},"9":{"start":{"line":22,"column":28},"end":{"line":22,"column":null}},"10":{"start":{"line":24,"column":25},"end":{"line":26,"column":null}},"11":{"start":{"line":25,"column":4},"end":{"line":25,"column":null}},"12":{"start":{"line":28,"column":25},"end":{"line":37,"column":null}},"13":{"start":{"line":29,"column":4},"end":{"line":36,"column":null}},"14":{"start":{"line":30,"column":6},"end":{"line":30,"column":null}},"15":{"start":{"line":31,"column":6},"end":{"line":31,"column":null}},"16":{"start":{"line":32,"column":6},"end":{"line":32,"column":null}},"17":{"start":{"line":33,"column":6},"end":{"line":33,"column":null}},"18":{"start":{"line":35,"column":6},"end":{"line":35,"column":null}},"19":{"start":{"line":41,"column":22},"end":{"line":43,"column":null}},"20":{"start":{"line":42,"column":4},"end":{"line":42,"column":null}},"21":{"start":{"line":45,"column":27},"end":{"line":49,"column":null}},"22":{"start":{"line":46,"column":4},"end":{"line":48,"column":null}},"23":{"start":{"line":58,"column":15},"end":{"line":58,"column":null}}},"fnMap":{"0":{"name":"(anonymous_2)","decl":{"start":{"line":19,"column":14},"end":{"line":19,"column":null}},"loc":{"start":{"line":19,"column":14},"end":{"line":56,"column":null}}},"1":{"name":"(anonymous_3)","decl":{"start":{"line":24,"column":25},"end":{"line":24,"column":null}},"loc":{"start":{"line":24,"column":25},"end":{"line":26,"column":null}}},"2":{"name":"(anonymous_4)","decl":{"start":{"line":28,"column":25},"end":{"line":28,"column":26}},"loc":{"start":{"line":28,"column":26},"end":{"line":37,"column":null}}},"3":{"name":"(anonymous_5)","decl":{"start":{"line":41,"column":22},"end":{"line":41,"column":null}},"loc":{"start":{"line":41,"column":22},"end":{"line":43,"column":null}}},"4":{"name":"(anonymous_6)","decl":{"start":{"line":45,"column":27},"end":{"line":45,"column":28}},"loc":{"start":{"line":45,"column":28},"end":{"line":49,"column":null}}}},"branchMap":{"0":{"loc":{"start":{"line":29,"column":4},"end":{"line":36,"column":null}},"type":"if","locations":[{"start":{"line":29,"column":4},"end":{"line":36,"column":null}},{"start":{"line":34,"column":11},"end":{"line":36,"column":null}}]}},"s":{"0":2,"1":1,"2":1,"3":1,"4":1,"5":1,"6":1,"7":6,"8":0,"9":0,"10":0,"11":0,"12":0,"13":0,"14":0,"15":0,"16":0,"17":0,"18":0,"19":0,"20":0,"21":0,"22":0,"23":1},"f":{"0":6,"1":0,"2":0,"3":0,"4":0},"b":{"0":[0,0]}}
,"C:\\Users\\aleco\\OneDrive\\Documentos\\GitHub\\DEV006-burger-queen-api-client\\src\\pages\\Menu.tsx": {"path":"C:\\Users\\aleco\\OneDrive\\Documentos\\GitHub\\DEV006-burger-queen-api-client\\src\\pages\\Menu.tsx","statementMap":{"0":{"start":{"line":24,"column":13},"end":{"line":75,"column":null}},"1":{"start":{"line":25,"column":38},"end":{"line":25,"column":null}},"2":{"start":{"line":26,"column":42},"end":{"line":26,"column":null}},"3":{"start":{"line":27,"column":46},"end":{"line":27,"column":null}},"4":{"start":{"line":28,"column":26},"end":{"line":28,"column":null}},"5":{"start":{"line":31,"column":2},"end":{"line":40,"column":null}},"6":{"start":{"line":32,"column":4},"end":{"line":39,"column":null}},"7":{"start":{"line":33,"column":7},"end":{"line":38,"column":null}},"8":{"start":{"line":37,"column":8},"end":{"line":37,"column":null}},"9":{"start":{"line":42,"column":27},"end":{"line":44,"column":null}},"10":{"start":{"line":43,"column":4},"end":{"line":43,"column":null}},"11":{"start":{"line":46,"column":26},"end":{"line":52,"column":null}},"12":{"start":{"line":47,"column":23},"end":{"line":47,"column":41}},"13":{"start":{"line":48,"column":31},"end":{"line":49,"column":null}},"14":{"start":{"line":49,"column":6},"end":{"line":49,"column":null}},"15":{"start":{"line":51,"column":4},"end":{"line":51,"column":null}}},"fnMap":{"0":{"name":"(anonymous_0)","decl":{"start":{"line":24,"column":13},"end":{"line":24,"column":null}},"loc":{"start":{"line":24,"column":13},"end":{"line":75,"column":null}}},"1":{"name":"(anonymous_1)","decl":{"start":{"line":31,"column":12},"end":{"line":31,"column":null}},"loc":{"start":{"line":31,"column":12},"end":{"line":40,"column":5}}},"2":{"name":"(anonymous_2)","decl":{"start":{"line":36,"column":13},"end":{"line":36,"column":14}},"loc":{"start":{"line":36,"column":14},"end":{"line":38,"column":null}}},"3":{"name":"(anonymous_3)","decl":{"start":{"line":42,"column":27},"end":{"line":42,"column":28}},"loc":{"start":{"line":42,"column":28},"end":{"line":44,"column":null}}},"4":{"name":"(anonymous_4)","decl":{"start":{"line":46,"column":26},"end":{"line":46,"column":27}},"loc":{"start":{"line":46,"column":27},"end":{"line":52,"column":null}}},"5":{"name":"(anonymous_5)","decl":{"start":{"line":48,"column":51},"end":{"line":48,"column":52}},"loc":{"start":{"line":49,"column":6},"end":{"line":49,"column":null}}}},"branchMap":{"0":{"loc":{"start":{"line":32,"column":4},"end":{"line":39,"column":null}},"type":"if","locations":[{"start":{"line":32,"column":4},"end":{"line":39,"column":null}}]}},"s":{"0":0,"1":0,"2":0,"3":0,"4":0,"5":0,"6":0,"7":0,"8":0,"9":0,"10":0,"11":0,"12":0,"13":0,"14":0,"15":0},"f":{"0":0,"1":0,"2":0,"3":0,"4":0,"5":0},"b":{"0":[0]}}
,"C:\\Users\\aleco\\OneDrive\\Documentos\\GitHub\\DEV006-burger-queen-api-client\\src\\pages\\NotFound.tsx": {"path":"C:\\Users\\aleco\\OneDrive\\Documentos\\GitHub\\DEV006-burger-queen-api-client\\src\\pages\\NotFound.tsx","statementMap":{"0":{"start":{"line":3,"column":17},"end":{"line":21,"column":null}}},"fnMap":{"0":{"name":"(anonymous_0)","decl":{"start":{"line":3,"column":17},"end":{"line":3,"column":null}},"loc":{"start":{"line":3,"column":17},"end":{"line":21,"column":null}}}},"branchMap":{},"s":{"0":0},"f":{"0":0},"b":{}}
,"C:\\Users\\aleco\\OneDrive\\Documentos\\GitHub\\DEV006-burger-queen-api-client\\src\\skeleton-components\\Leftside.tsx": {"path":"C:\\Users\\aleco\\OneDrive\\Documentos\\GitHub\\DEV006-burger-queen-api-client\\src\\skeleton-components\\Leftside.tsx","statementMap":{"0":{"start":{"line":6,"column":17},"end":{"line":12,"column":null}}},"fnMap":{"0":{"name":"(anonymous_0)","decl":{"start":{"line":6,"column":17},"end":{"line":6,"column":18}},"loc":{"start":{"line":6,"column":45},"end":{"line":12,"column":null}}}},"branchMap":{},"s":{"0":0},"f":{"0":0},"b":{}}
,"C:\\Users\\aleco\\OneDrive\\Documentos\\GitHub\\DEV006-burger-queen-api-client\\src\\skeleton-components\\Middleside.tsx": {"path":"C:\\Users\\aleco\\OneDrive\\Documentos\\GitHub\\DEV006-burger-queen-api-client\\src\\skeleton-components\\Middleside.tsx","statementMap":{"0":{"start":{"line":7,"column":19},"end":{"line":17,"column":null}}},"fnMap":{"0":{"name":"(anonymous_0)","decl":{"start":{"line":7,"column":19},"end":{"line":7,"column":20}},"loc":{"start":{"line":7,"column":49},"end":{"line":17,"column":null}}}},"branchMap":{},"s":{"0":0},"f":{"0":0},"b":{}}
,"C:\\Users\\aleco\\OneDrive\\Documentos\\GitHub\\DEV006-burger-queen-api-client\\src\\skeleton-components\\Rightside.tsx": {"path":"C:\\Users\\aleco\\OneDrive\\Documentos\\GitHub\\DEV006-burger-queen-api-client\\src\\skeleton-components\\Rightside.tsx","statementMap":{"0":{"start":{"line":5,"column":18},"end":{"line":11,"column":null}}},"fnMap":{"0":{"name":"(anonymous_0)","decl":{"start":{"line":5,"column":18},"end":{"line":5,"column":19}},"loc":{"start":{"line":5,"column":44},"end":{"line":11,"column":null}}}},"branchMap":{},"s":{"0":0},"f":{"0":0},"b":{}}
}
