TN:
SF:src\App.tsx
FN:7,App
FNF:1
FNH:0
FNDA:0,App
LF:0
LH:0
BRF:0
BRH:0
end_of_record
TN:
SF:src\api\getData.ts
FN:31,getData
FN:39,(anonymous_2)
FNF:2
FNH:0
FNDA:0,getData
FNDA:0,(anonymous_2)
DA:32,0
DA:39,0
DA:42,1
LF:3
LH:1
BRF:0
BRH:0
end_of_record
TN:
SF:src\components-login\FormLogin.tsx
FN:21,(anonymous_2)
FN:30,(anonymous_3)
FN:40,(anonymous_4)
FN:44,(anonymous_5)
FNF:4
FNH:1
FNDA:3,(anonymous_2)
FNDA:0,(anonymous_3)
FNDA:0,(anonymous_4)
FNDA:0,(anonymous_5)
DA:1,1
DA:3,1
DA:21,1
DA:22,3
DA:28,3
DA:30,3
DA:31,0
DA:32,0
DA:35,0
DA:36,0
DA:40,3
DA:41,0
DA:44,3
DA:45,0
DA:130,3
LF:15
LH:9
BRDA:35,0,0,0
BRDA:119,1,0,0
BRDA:119,1,1,3
BRF:3
BRH:1
end_of_record
TN:
SF:src\components-waitress\Command.tsx
FN:6,(anonymous_0)
FNF:1
FNH:0
FNDA:0,(anonymous_0)
DA:6,0
LF:1
LH:0
BRF:0
BRH:0
end_of_record
TN:
SF:src\components-waitress\WelcomeMessage.tsx
FN:3,(anonymous_0)
FN:7,(anonymous_1)
FN:17,(anonymous_2)
FNF:3
FNH:0
FNDA:0,(anonymous_0)
FNDA:0,(anonymous_1)
FNDA:0,(anonymous_2)
DA:3,0
DA:4,0
DA:5,0
DA:7,0
DA:9,0
DA:11,0
DA:13,0
DA:14,0
DA:15,0
DA:16,0
DA:17,0
DA:18,0
LF:12
LH:0
BRDA:11,0,0,0
BRDA:25,1,0,0
BRF:2
BRH:0
end_of_record
TN:
SF:src\components-waitress\components-menu\Client.tsx
FN:6,(anonymous_0)
FN:9,(anonymous_1)
FNF:2
FNH:0
FNDA:0,(anonymous_0)
FNDA:0,(anonymous_1)
DA:6,0
DA:7,0
DA:9,0
DA:10,0
DA:11,0
DA:12,0
LF:6
LH:0
BRF:0
BRH:0
end_of_record
TN:
SF:src\components-waitress\components-menu\Menu.tsx
FN:3,(anonymous_0)
FNF:1
FNH:0
FNDA:0,(anonymous_0)
DA:3,0
LF:1
LH:0
BRF:0
BRH:0
end_of_record
TN:
SF:src\components-waitress\components-menu\Navbar.tsx
FN:8,(anonymous_0)
FNF:1
FNH:0
FNDA:0,(anonymous_0)
DA:8,0
LF:1
LH:0
BRF:0
BRH:0
end_of_record
TN:
SF:src\pages\Client.tsx
FN:8,(anonymous_0)
FNF:1
FNH:0
FNDA:0,(anonymous_0)
DA:8,0
LF:1
LH:0
BRF:0
BRH:0
end_of_record
TN:
SF:src\pages\Login.tsx
FN:18,(anonymous_2)
FN:22,(anonymous_3)
FN:26,(anonymous_4)
FN:35,(anonymous_5)
FN:39,(anonymous_6)
FNF:5
FNH:1
FNDA:3,(anonymous_2)
FNDA:0,(anonymous_3)
FNDA:0,(anonymous_4)
FNDA:0,(anonymous_5)
FNDA:0,(anonymous_6)
DA:1,1
DA:2,1
DA:3,1
DA:4,1
DA:18,1
DA:19,3
DA:20,2
DA:22,2
DA:23,0
DA:26,2
DA:27,0
DA:28,0
DA:29,0
DA:31,0
DA:35,2
DA:36,0
DA:39,2
DA:40,0
DA:52,3
LF:19
LH:12
BRDA:27,0,0,0
BRDA:27,0,1,0
BRF:2
BRH:0
end_of_record
TN:
SF:src\pages\Menu.tsx
FN:10,(anonymous_0)
FN:13,(anonymous_1)
FNF:2
FNH:0
FNDA:0,(anonymous_0)
FNDA:0,(anonymous_1)
DA:10,0
DA:11,0
DA:13,0
DA:14,0
LF:4
LH:0
BRF:0
BRH:0
end_of_record
TN:
SF:src\pages\NotFound.tsx
FN:3,(anonymous_0)
FNF:1
FNH:0
FNDA:0,(anonymous_0)
DA:3,0
LF:1
LH:0
BRF:0
BRH:0
end_of_record
TN:
SF:src\skeleton-components\Leftside.tsx
FN:6,(anonymous_0)
FNF:1
FNH:0
FNDA:0,(anonymous_0)
DA:6,0
LF:1
LH:0
BRF:0
BRH:0
end_of_record
TN:
SF:src\skeleton-components\Middleside.tsx
FN:7,(anonymous_0)
FNF:1
FNH:0
FNDA:0,(anonymous_0)
DA:7,0
LF:1
LH:0
BRF:0
BRH:0
end_of_record
TN:
SF:src\skeleton-components\Rightside.tsx
FN:5,(anonymous_0)
FNF:1
FNH:0
FNDA:0,(anonymous_0)
DA:5,0
LF:1
LH:0
BRF:0
BRH:0
end_of_record
